[2022-08-22T16:26:34.286] [DEBUG] cheese - login => username:admin,password:123456
[2022-08-22T16:26:34.287] [DEBUG] cheese - admin
[2022-08-22T16:26:34.295] [DEBUG] cheese - { inspect: [Function: inspect] }
[2022-08-22T16:26:34.297] [DEBUG] cheese - 查询失败
[2022-08-22T16:30:20.717] [DEBUG] cheese - login => username:admin,password:123456
[2022-08-22T16:30:20.717] [DEBUG] cheese - admin
[2022-08-22T16:30:20.723] [DEBUG] cheese - null
[2022-08-22T16:30:20.723] [DEBUG] cheese - null
[2022-08-23T10:27:11.188] [DEBUG] cheese - login => username:admin,password:htysxadmin
[2022-08-23T10:27:11.189] [DEBUG] cheese - admin
[2022-08-23T10:27:11.248] [DEBUG] cheese - null
[2022-08-23T10:27:11.249] [DEBUG] cheese - null
[2022-08-23T10:27:12.721] [DEBUG] cheese - login => username:admin,password:htysxadmin
[2022-08-23T10:27:12.721] [DEBUG] cheese - admin
[2022-08-23T10:27:12.724] [DEBUG] cheese - null
[2022-08-23T10:27:12.724] [DEBUG] cheese - null
[2022-08-23T10:27:13.521] [DEBUG] cheese - login => username:admin,password:htysxadmin
[2022-08-23T10:27:13.521] [DEBUG] cheese - admin
[2022-08-23T10:27:13.524] [DEBUG] cheese - null
[2022-08-23T10:27:13.524] [DEBUG] cheese - null
[2022-08-23T10:28:04.947] [DEBUG] cheese - login => username:admin,password:htysxadmin
[2022-08-23T10:28:04.947] [DEBUG] cheese - admin
[2022-08-23T10:28:04.965] [DEBUG] cheese - null
[2022-08-23T10:28:04.965] [DEBUG] cheese - null
[2022-08-23T10:28:12.962] [DEBUG] cheese - login => username:admin,password:123456
[2022-08-23T10:28:12.962] [DEBUG] cheese - admin
[2022-08-23T10:28:12.964] [DEBUG] cheese - null
[2022-08-23T10:28:12.964] [DEBUG] cheese - null
[2022-08-23T14:18:43.514] [DEBUG] cheese - login => username:admin,password:123456
[2022-08-23T14:18:43.514] [DEBUG] cheese - admin
[2022-08-23T14:18:43.518] [DEBUG] cheese - null
[2022-08-23T14:18:43.518] [DEBUG] cheese - null
[2022-08-24T10:56:29.262] [DEBUG] cheese - login => username:admin,password:123456
[2022-08-24T10:56:29.263] [DEBUG] cheese - admin
[2022-08-24T10:56:29.412] [DEBUG] cheese - null
[2022-08-24T10:56:29.413] [DEBUG] cheese - null
[2022-08-24T10:56:50.872] [DEBUG] cheese - login => username:admin,password:123456
[2022-08-24T10:56:50.873] [DEBUG] cheese - admin
[2022-08-24T10:56:50.876] [DEBUG] cheese - null
[2022-08-24T10:56:50.876] [DEBUG] cheese - null
[2022-08-24T11:00:23.364] [DEBUG] cheese - login => username:admin,password:123456
[2022-08-24T11:00:23.364] [DEBUG] cheese - admin
[2022-08-24T11:00:23.367] [DEBUG] cheese - null
[2022-08-24T11:00:23.367] [DEBUG] cheese - null
[2022-08-24T11:01:02.956] [DEBUG] cheese - login => username:admin,password:123456
[2022-08-24T11:01:02.956] [DEBUG] cheese - admin
[2022-08-24T11:01:02.958] [DEBUG] cheese - null
[2022-08-24T11:01:02.958] [DEBUG] cheese - null
[2022-08-24T11:01:55.674] [DEBUG] cheese - login => username:admin,password:123456
[2022-08-24T11:01:55.675] [DEBUG] cheese - admin
[2022-08-24T11:01:55.676] [DEBUG] cheese - null
[2022-08-24T11:01:55.676] [DEBUG] cheese - null
[2022-08-24T11:07:29.868] [DEBUG] cheese - login => username:admin,password:123456
[2022-08-24T11:07:29.869] [DEBUG] cheese - admin
[2022-08-24T11:07:29.873] [DEBUG] cheese - null
[2022-08-24T11:07:29.873] [DEBUG] cheese - null
[2022-08-24T11:08:32.795] [DEBUG] cheese - login => username:admin,password:123456
[2022-08-24T11:08:32.795] [DEBUG] cheese - admin
[2022-08-24T11:08:32.796] [DEBUG] cheese - null
[2022-08-24T11:08:32.796] [DEBUG] cheese - null
[2022-08-24T11:09:07.796] [DEBUG] cheese - login => username:admin,password:123456
[2022-08-24T11:09:07.796] [DEBUG] cheese - admin
[2022-08-24T11:09:07.798] [DEBUG] cheese - null
[2022-08-24T11:09:07.798] [DEBUG] cheese - null
[2022-08-24T11:19:05.067] [DEBUG] cheese - login => username:admin,password:123456
[2022-08-24T11:19:05.067] [DEBUG] cheese - admin
[2022-08-24T11:19:05.073] [DEBUG] cheese - null
[2022-08-24T11:19:05.073] [DEBUG] cheese - null
[2022-08-24T11:30:05.038] [DEBUG] cheese - login => username:admin,password:123456
[2022-08-24T11:30:05.039] [DEBUG] cheese - admin
[2022-08-24T11:30:05.042] [DEBUG] cheese - null
[2022-08-24T11:30:05.042] [DEBUG] cheese - null
[2022-08-24T12:46:03.705] [DEBUG] cheese - login => username:admin,password:123456
[2022-08-24T12:46:03.705] [DEBUG] cheese - admin
[2022-08-24T12:46:03.710] [DEBUG] cheese - null
[2022-08-24T12:46:03.710] [DEBUG] cheese - null
[2022-08-24T12:46:08.781] [DEBUG] cheese - login => username:admin,password:123456
[2022-08-24T12:46:08.781] [DEBUG] cheese - admin
[2022-08-24T12:46:08.783] [DEBUG] cheese - null
[2022-08-24T12:46:08.783] [DEBUG] cheese - null
[2022-08-24T13:13:35.446] [DEBUG] cheese - login => username:admin,password:123456
[2022-08-24T13:13:35.447] [DEBUG] cheese - admin
[2022-08-24T13:13:35.452] [DEBUG] cheese - null
[2022-08-24T13:13:35.452] [DEBUG] cheese - null
[2022-08-24T13:21:16.894] [DEBUG] cheese - login => username:admin,password:123456
[2022-08-24T13:21:16.895] [DEBUG] cheese - admin
[2022-08-24T13:21:16.898] [DEBUG] cheese - null
[2022-08-24T13:21:16.898] [DEBUG] cheese - null
[2022-08-24T13:22:04.879] [DEBUG] cheese - login => username:admin,password:123456
[2022-08-24T13:22:04.879] [DEBUG] cheese - admin
[2022-08-24T13:22:04.881] [DEBUG] cheese - null
[2022-08-24T13:22:04.881] [DEBUG] cheese - null
[2022-08-24T13:38:01.871] [DEBUG] cheese - login => username:admin,password:123456
[2022-08-24T13:38:01.871] [DEBUG] cheese - admin
[2022-08-24T13:38:01.874] [DEBUG] cheese - null
[2022-08-24T13:38:01.874] [DEBUG] cheese - null
[2022-08-24T13:39:17.006] [DEBUG] cheese - login => username:admin,password:123456
[2022-08-24T13:39:17.006] [DEBUG] cheese - admin
[2022-08-24T13:39:17.007] [DEBUG] cheese - null
[2022-08-24T13:39:17.007] [DEBUG] cheese - null
[2022-08-24T14:01:26.436] [DEBUG] cheese - login => username:admin,password:123456
[2022-08-24T14:01:26.436] [DEBUG] cheese - admin
[2022-08-24T14:01:26.438] [DEBUG] cheese - null
[2022-08-24T14:01:26.438] [DEBUG] cheese - null
[2022-08-24T14:01:33.177] [DEBUG] cheese - login => username:admin,password:123456
[2022-08-24T14:01:33.178] [DEBUG] cheese - admin
[2022-08-24T14:01:33.179] [DEBUG] cheese - null
[2022-08-24T14:01:33.179] [DEBUG] cheese - null
[2022-08-24T14:01:38.226] [DEBUG] cheese - login => username:admin,password:123456
[2022-08-24T14:01:38.226] [DEBUG] cheese - admin
[2022-08-24T14:01:38.228] [DEBUG] cheese - null
[2022-08-24T14:01:38.228] [DEBUG] cheese - null
[2022-08-24T15:38:22.796] [DEBUG] cheese - login => username:admin,password:123456
[2022-08-24T15:38:22.796] [DEBUG] cheese - admin
[2022-08-24T15:38:22.799] [DEBUG] cheese - null
[2022-08-24T15:38:22.799] [DEBUG] cheese - null
[2022-08-24T17:05:35.368] [DEBUG] cheese - login => username:admin,password:123456
[2022-08-24T17:05:35.368] [DEBUG] cheese - admin
[2022-08-24T17:05:35.371] [DEBUG] cheese - null
[2022-08-24T17:05:35.371] [DEBUG] cheese - null
[2022-08-24T17:29:45.122] [DEBUG] cheese - login => username:admin,password:123456
[2022-08-24T17:29:45.122] [DEBUG] cheese - admin
[2022-08-24T17:29:45.124] [DEBUG] cheese - null
[2022-08-24T17:29:45.124] [DEBUG] cheese - null
[2022-08-24T17:37:44.967] [DEBUG] cheese - login => username:admin,password:123456
[2022-08-24T17:37:44.968] [DEBUG] cheese - admin
[2022-08-24T17:37:44.979] [DEBUG] cheese - null
[2022-08-24T17:37:44.979] [DEBUG] cheese - null
[2022-08-24T17:37:47.387] [DEBUG] cheese - login => username:admin,password:123456
[2022-08-24T17:37:47.387] [DEBUG] cheese - admin
[2022-08-24T17:37:47.389] [DEBUG] cheese - null
[2022-08-24T17:37:47.389] [DEBUG] cheese - null
[2022-08-24T17:37:53.047] [DEBUG] cheese - login => username:admin,password:123456
[2022-08-24T17:37:53.047] [DEBUG] cheese - admin
[2022-08-24T17:37:53.050] [DEBUG] cheese - null
[2022-08-24T17:37:53.050] [DEBUG] cheese - null
[2022-08-24T17:38:01.816] [DEBUG] cheese - login => username:admin,password:123456
[2022-08-24T17:38:01.816] [DEBUG] cheese - admin
[2022-08-24T17:38:01.817] [DEBUG] cheese - null
[2022-08-24T17:38:01.817] [DEBUG] cheese - null
[2022-08-24T17:38:42.057] [DEBUG] cheese - login => username:admin,password:123456
[2022-08-24T17:38:42.057] [DEBUG] cheese - admin
[2022-08-24T17:38:42.058] [DEBUG] cheese - null
[2022-08-24T17:38:42.058] [DEBUG] cheese - null
[2022-08-24T17:39:14.177] [DEBUG] cheese - login => username:admin,password:123456
[2022-08-24T17:39:14.177] [DEBUG] cheese - admin
[2022-08-24T17:39:14.179] [DEBUG] cheese - null
[2022-08-24T17:39:14.179] [DEBUG] cheese - null
[2022-08-25T10:02:10.567] [DEBUG] cheese - login => username:admin,password:123456
[2022-08-25T10:02:10.567] [DEBUG] cheese - admin
[2022-08-25T10:02:10.577] [DEBUG] cheese - null
[2022-08-25T10:02:10.577] [DEBUG] cheese - null
[2022-08-25T10:47:14.970] [DEBUG] cheese - login => username:admin,password:123456
[2022-08-25T10:47:14.971] [DEBUG] cheese - admin
[2022-08-25T10:47:15.007] [DEBUG] cheese - null
[2022-08-25T10:47:15.007] [DEBUG] cheese - null
[2022-08-25T11:19:22.880] [DEBUG] cheese - login => username:admin,password:123456
[2022-08-25T11:19:22.880] [DEBUG] cheese - admin
[2022-08-25T11:19:22.882] [DEBUG] cheese - null
[2022-08-25T11:19:22.882] [DEBUG] cheese - null
[2022-08-25T11:19:56.668] [DEBUG] cheese - login => username:admin,password:123456
[2022-08-25T11:19:56.668] [DEBUG] cheese - admin
[2022-08-25T11:19:56.670] [DEBUG] cheese - null
[2022-08-25T11:19:56.670] [DEBUG] cheese - null
[2022-08-25T11:20:22.073] [DEBUG] cheese - login => username:admin,password:123456
[2022-08-25T11:20:22.073] [DEBUG] cheese - admin
[2022-08-25T11:20:22.074] [DEBUG] cheese - null
[2022-08-25T11:20:22.074] [DEBUG] cheese - null
[2022-08-25T11:23:28.330] [DEBUG] cheese - login => username:admin,password:123456
[2022-08-25T11:23:28.330] [DEBUG] cheese - admin
[2022-08-25T11:23:28.332] [DEBUG] cheese - null
[2022-08-25T11:23:28.332] [DEBUG] cheese - null
[2022-08-25T12:05:24.622] [DEBUG] cheese - login => username:admin,password:123456
[2022-08-25T12:05:24.622] [DEBUG] cheese - admin
[2022-08-25T12:05:24.624] [DEBUG] cheese - null
[2022-08-25T12:05:24.625] [DEBUG] cheese - null
[2022-08-25T14:58:14.163] [DEBUG] cheese - login => username:admin,password:123456
[2022-08-25T14:58:14.163] [DEBUG] cheese - admin
[2022-08-25T14:58:14.167] [DEBUG] cheese - null
[2022-08-25T14:58:14.167] [DEBUG] cheese - null
[2022-08-25T17:29:52.727] [DEBUG] cheese - login => username:admin,password:123456
[2022-08-25T17:29:52.728] [DEBUG] cheese - admin
[2022-08-25T17:29:52.736] [DEBUG] cheese - null
[2022-08-25T17:29:52.736] [DEBUG] cheese - null
[2022-08-26T09:37:21.577] [DEBUG] cheese - login => username:admin,password:123456
[2022-08-26T09:37:21.577] [DEBUG] cheese - admin
[2022-08-26T09:37:21.580] [DEBUG] cheese - null
[2022-08-26T09:37:21.580] [DEBUG] cheese - null
[2022-08-26T14:07:03.612] [DEBUG] cheese - login => username:admin,password:123456
[2022-08-26T14:07:03.612] [DEBUG] cheese - admin
[2022-08-26T14:07:03.615] [DEBUG] cheese - null
[2022-08-26T14:07:03.615] [DEBUG] cheese - null
[2022-08-26T14:07:17.747] [DEBUG] cheese - login => username:admin,password:123456
[2022-08-26T14:07:17.747] [DEBUG] cheese - admin
[2022-08-26T14:07:17.748] [DEBUG] cheese - null
[2022-08-26T14:07:17.749] [DEBUG] cheese - null
[2022-08-26T14:08:27.286] [DEBUG] cheese - login => username:admin,password:123456
[2022-08-26T14:08:27.286] [DEBUG] cheese - admin
[2022-08-26T14:08:27.287] [DEBUG] cheese - null
[2022-08-26T14:08:27.287] [DEBUG] cheese - null
[2022-08-26T14:10:15.971] [DEBUG] cheese - login => username:admin,password:123456
[2022-08-26T14:10:15.971] [DEBUG] cheese - admin
[2022-08-26T14:10:15.972] [DEBUG] cheese - null
[2022-08-26T14:10:15.973] [DEBUG] cheese - null
[2022-08-29T09:15:45.455] [DEBUG] cheese - login => username:admin,password:123456
[2022-08-29T09:15:45.456] [DEBUG] cheese - admin
[2022-08-29T09:15:45.490] [DEBUG] cheese - null
[2022-08-29T09:15:45.491] [DEBUG] cheese - null
[2022-08-29T09:17:01.346] [DEBUG] cheese - login => username:admin,password:123456
[2022-08-29T09:17:01.346] [DEBUG] cheese - admin
[2022-08-29T09:17:01.348] [DEBUG] cheese - null
[2022-08-29T09:17:01.349] [DEBUG] cheese - null
[2022-09-01T14:48:10.200] [DEBUG] cheese - login => username:admin,password:123456
[2022-09-01T14:48:10.201] [DEBUG] cheese - admin
[2022-09-01T14:48:10.240] [DEBUG] cheese - null
[2022-09-01T14:48:10.241] [DEBUG] cheese - null
[2022-09-01T14:50:39.680] [DEBUG] cheese - login => username:admin,password:123456
[2022-09-01T14:50:39.680] [DEBUG] cheese - admin
[2022-09-01T14:50:39.683] [DEBUG] cheese - null
[2022-09-01T14:50:39.683] [DEBUG] cheese - null
[2022-09-01T16:15:32.218] [DEBUG] cheese - null
[2022-09-01T16:27:57.846] [DEBUG] cheese - null
[2022-09-01T16:28:02.182] [DEBUG] cheese - null
[2022-09-01T16:28:13.855] [DEBUG] cheese - null
[2022-09-01T16:29:29.287] [DEBUG] cheese - null
[2022-09-01T16:29:47.894] [DEBUG] cheese - null
[2022-09-01T16:30:12.181] [DEBUG] cheese - null
[2022-09-01T16:30:17.268] [DEBUG] cheese - null
[2022-09-01T16:35:04.842] [DEBUG] cheese - null
[2022-09-01T17:03:17.512] [DEBUG] cheese - login => username:admin,password:123456
[2022-09-01T17:03:17.513] [DEBUG] cheese - admin
[2022-09-01T17:03:17.516] [DEBUG] cheese - null
[2022-09-01T17:03:17.516] [DEBUG] cheese - null
[2022-09-02T15:06:22.719] [DEBUG] cheese - login => username:admin,password:123456
[2022-09-02T15:06:22.719] [DEBUG] cheese - admin
[2022-09-02T15:06:22.731] [DEBUG] cheese - null
[2022-09-02T15:06:22.731] [DEBUG] cheese - null
[2022-09-02T15:07:39.768] [DEBUG] cheese - null
[2022-09-02T15:07:47.386] [DEBUG] cheese - null
[2022-09-02T15:08:26.469] [DEBUG] cheese - null
[2022-09-05T13:55:27.074] [DEBUG] cheese - login => username:admin,password:123456
[2022-09-05T13:55:27.075] [DEBUG] cheese - admin
[2022-09-05T13:55:27.105] [DEBUG] cheese - null
[2022-09-05T13:55:27.106] [DEBUG] cheese - null
[2022-09-05T13:57:23.852] [DEBUG] cheese - login => username:admin,password:123456
[2022-09-05T13:57:23.852] [DEBUG] cheese - admin
[2022-09-05T13:57:23.855] [DEBUG] cheese - null
[2022-09-05T13:57:23.855] [DEBUG] cheese - null
[2022-09-05T14:36:42.575] [DEBUG] cheese - null
[2022-09-05T14:36:48.484] [DEBUG] cheese - null
[2022-09-07T13:29:56.909] [DEBUG] cheese - login => username:admin,password:123456
[2022-09-07T13:29:56.910] [DEBUG] cheese - admin
[2022-09-07T13:29:56.941] [DEBUG] cheese - null
[2022-09-07T13:29:56.942] [DEBUG] cheese - null
[2022-09-07T13:43:02.148] [DEBUG] cheese - login => username:admin,password:123456
[2022-09-07T13:43:02.149] [DEBUG] cheese - admin
[2022-09-07T13:43:02.153] [DEBUG] cheese - null
[2022-09-07T13:43:02.153] [DEBUG] cheese - null
[2022-09-14T10:15:24.224] [DEBUG] cheese - login => username:admin,password:123456
[2022-09-14T10:15:24.225] [DEBUG] cheese - admin
[2022-09-14T10:15:24.253] [DEBUG] cheese - null
[2022-09-14T10:15:24.254] [DEBUG] cheese - null
[2022-09-14T14:42:21.479] [DEBUG] cheese - login => username:admin,password:123456
[2022-09-14T14:42:21.482] [DEBUG] cheese - admin
[2022-09-14T14:42:21.492] [DEBUG] cheese - null
[2022-09-14T14:42:21.493] [DEBUG] cheese - null
[2022-09-14T14:42:59.698] [DEBUG] cheese - login => username:admin,password:123456
[2022-09-14T14:42:59.698] [DEBUG] cheese - admin
[2022-09-14T14:42:59.700] [DEBUG] cheese - null
[2022-09-14T14:42:59.700] [DEBUG] cheese - null
[2022-09-14T16:29:49.232] [DEBUG] cheese - null
[2022-09-14T16:50:39.793] [DEBUG] cheese - login => username:admin,password:123456
[2022-09-14T16:50:39.794] [DEBUG] cheese - admin
[2022-09-14T16:50:39.801] [DEBUG] cheese - null
[2022-09-14T16:50:39.802] [DEBUG] cheese - null
[2022-09-16T10:46:16.466] [DEBUG] cheese - login => username:admin,password:123456
[2022-09-16T10:46:16.469] [DEBUG] cheese - admin
[2022-09-16T10:46:16.487] [DEBUG] cheese - null
[2022-09-16T10:46:16.487] [DEBUG] cheese - null
[2022-09-16T10:46:18.773] [DEBUG] cheese - login => username:admin,password:123456
[2022-09-16T10:46:18.774] [DEBUG] cheese - admin
[2022-09-16T10:46:18.776] [DEBUG] cheese - null
[2022-09-16T10:46:18.776] [DEBUG] cheese - null
[2022-09-16T10:46:20.388] [DEBUG] cheese - login => username:admin,password:123456
[2022-09-16T10:46:20.388] [DEBUG] cheese - admin
[2022-09-16T10:46:20.390] [DEBUG] cheese - null
[2022-09-16T10:46:20.391] [DEBUG] cheese - null
[2022-09-16T10:46:24.526] [DEBUG] cheese - login => username:admin,password:123456
[2022-09-16T10:46:24.526] [DEBUG] cheese - admin
[2022-09-16T10:46:24.530] [DEBUG] cheese - null
[2022-09-16T10:46:24.530] [DEBUG] cheese - null
[2022-09-16T10:46:45.480] [DEBUG] cheese - login => username:admin,password:123456
[2022-09-16T10:46:45.482] [DEBUG] cheese - admin
[2022-09-16T10:46:45.494] [DEBUG] cheese - null
[2022-09-16T10:46:45.494] [DEBUG] cheese - null
[2022-09-16T10:46:54.810] [DEBUG] cheese - login => username:admin,password:123456
[2022-09-16T10:46:54.810] [DEBUG] cheese - admin
[2022-09-16T10:46:54.813] [DEBUG] cheese - null
[2022-09-16T10:46:54.813] [DEBUG] cheese - null
[2022-09-16T10:47:00.679] [DEBUG] cheese - login => username:admin,password:123456
[2022-09-16T10:47:00.679] [DEBUG] cheese - admin
[2022-09-16T10:47:00.682] [DEBUG] cheese - null
[2022-09-16T10:47:00.682] [DEBUG] cheese - null
[2022-09-16T10:47:15.494] [DEBUG] cheese - login => username:admin,password:123456
[2022-09-16T10:47:15.494] [DEBUG] cheese - admin
[2022-09-16T10:47:15.496] [DEBUG] cheese - null
[2022-09-16T10:47:15.497] [DEBUG] cheese - null
[2022-09-16T10:47:24.070] [DEBUG] cheese - login => username:admin,password:123456
[2022-09-16T10:47:24.070] [DEBUG] cheese - admin
[2022-09-16T10:47:24.072] [DEBUG] cheese - null
[2022-09-16T10:47:24.072] [DEBUG] cheese - null
[2022-09-16T10:56:23.641] [DEBUG] cheese - login => username:admin,password:123456
[2022-09-16T10:56:23.641] [DEBUG] cheese - admin
[2022-09-16T10:56:23.646] [DEBUG] cheese - null
[2022-09-16T10:56:23.646] [DEBUG] cheese - null
[2022-09-16T14:28:51.997] [DEBUG] cheese - login => username:admin,password:123456
[2022-09-16T14:28:51.998] [DEBUG] cheese - admin
[2022-09-16T14:28:52.010] [DEBUG] cheese - null
[2022-09-16T14:28:52.010] [DEBUG] cheese - null
[2022-09-16T14:31:06.528] [DEBUG] cheese - login => username:admin,password:123456
[2022-09-16T14:31:06.528] [DEBUG] cheese - admin
[2022-09-16T14:31:06.529] [DEBUG] cheese - null
[2022-09-16T14:31:06.529] [DEBUG] cheese - null
[2022-09-16T14:54:06.554] [DEBUG] cheese - login => username:admin,password:123456
[2022-09-16T14:54:06.554] [DEBUG] cheese - admin
[2022-09-16T14:54:06.557] [DEBUG] cheese - null
[2022-09-16T14:54:06.557] [DEBUG] cheese - null
[2022-09-16T14:58:50.968] [DEBUG] cheese - login => username:admin,password:123456
[2022-09-16T14:58:50.968] [DEBUG] cheese - admin
[2022-09-16T14:58:50.971] [DEBUG] cheese - null
[2022-09-16T14:58:50.972] [DEBUG] cheese - null
[2022-09-16T15:14:25.403] [DEBUG] cheese - login => username:admin,password:123456
[2022-09-16T15:14:25.403] [DEBUG] cheese - admin
[2022-09-16T15:14:25.409] [DEBUG] cheese - null
[2022-09-16T15:14:25.410] [DEBUG] cheese - null
[2022-09-16T15:18:07.484] [DEBUG] cheese - login => username:admin,password:123456
[2022-09-16T15:18:07.484] [DEBUG] cheese - admin
[2022-09-16T15:18:07.487] [DEBUG] cheese - null
[2022-09-16T15:18:07.487] [DEBUG] cheese - null
[2022-09-16T16:02:02.745] [DEBUG] cheese - login => username:admin,password:123456
[2022-09-16T16:02:02.745] [DEBUG] cheese - admin
[2022-09-16T16:02:02.749] [DEBUG] cheese - null
[2022-09-16T16:02:02.749] [DEBUG] cheese - null
[2022-09-16T16:02:26.699] [DEBUG] cheese - login => username:admin,password:123456
[2022-09-16T16:02:26.699] [DEBUG] cheese - admin
[2022-09-16T16:02:26.701] [DEBUG] cheese - null
[2022-09-16T16:02:26.701] [DEBUG] cheese - null
[2022-09-19T09:52:37.692] [DEBUG] cheese - login => username:admin,password:123456
[2022-09-19T09:52:37.693] [DEBUG] cheese - admin
[2022-09-19T09:52:37.731] [DEBUG] cheese - null
[2022-09-19T09:52:37.732] [DEBUG] cheese - null
[2022-09-19T10:07:28.147] [DEBUG] cheese - login => username:admin,password:123456
[2022-09-19T10:07:28.148] [DEBUG] cheese - admin
[2022-09-19T10:07:28.151] [DEBUG] cheese - null
[2022-09-19T10:07:28.152] [DEBUG] cheese - null
[2022-09-19T10:24:29.121] [DEBUG] cheese - login => username:admin,password:123456
[2022-09-19T10:24:29.122] [DEBUG] cheese - admin
[2022-09-19T10:24:29.126] [DEBUG] cheese - null
[2022-09-19T10:24:29.126] [DEBUG] cheese - null
[2022-09-19T13:56:46.121] [DEBUG] cheese - login => username:admin,password:123456
[2022-09-19T13:56:46.122] [DEBUG] cheese - admin
[2022-09-19T13:56:46.127] [DEBUG] cheese - null
[2022-09-19T13:56:46.128] [DEBUG] cheese - null
[2022-09-21T10:19:47.850] [DEBUG] cheese - login => username:admin,password:123456
[2022-09-21T10:19:47.851] [DEBUG] cheese - admin
[2022-09-21T10:19:47.875] [DEBUG] cheese - null
[2022-09-21T10:19:47.876] [DEBUG] cheese - null
